<?xml version="1.0" encoding="UTF-8"?>
<!-- Generated by org.testng.reporters.JUnitReportReporter -->
<testsuite hostname="TYSS-4F-083" name="com.restassured.test.CRUDOperationsTest" tests="1" failures="0" timestamp="4 Jul 2018 06:24:54 GMT" time="1.256" errors="0">
  <testcase name="deleteTest" time="1.256" classname="com.restassured.test.CRUDOperationsTest"/>
</testsuite> <!-- com.restassured.test.CRUDOperationsTest -->
